<?xml version="1.0" encoding="UTF-8"?>
<!-- Generated by org.testng.reporters.JUnitReportReporter -->
<testsuite skipped="0" hostname="admin" name="demo.Test2" tests="1" failures="0" timestamp="2020-07-08T13:03:57 IST" time="32.782" errors="0">
  <testcase name="test2" time="32.782" classname="demo.Test2"/>
  <system-out/>
</testsuite> <!-- demo.Test2 -->
