<?xml version="1.0" encoding="UTF-8"?>
<!-- Generated by org.testng.reporters.JUnitReportReporter -->
<testsuite skipped="0" hostname="admin" name="test.TestNG_Demo" tests="1" failures="0" timestamp="2020-06-30T14:53:52 IST" time="5.786" errors="0">
  <testcase name="googleSearch" time="5.786" classname="test.TestNG_Demo"/>
  <system-out/>
</testsuite> <!-- test.TestNG_Demo -->
