<?xml version="1.0" encoding="UTF-8"?>
<!-- Generated by org.testng.reporters.JUnitReportReporter -->
<testsuite skipped="1" hostname="admin" name="listeners.TestNGListenersDemo2" tests="3" failures="0" timestamp="2020-07-07T01:06:26 IST" time="0.015" errors="0">
  <testcase name="test4" time="0.010" classname="listeners.TestNGListenersDemo2"/>
  <system-out/>
  <testcase name="test5" time="0.003" classname="listeners.TestNGListenersDemo2"/>
  <system-out/>
  <testcase name="test6" time="0.002" classname="listeners.TestNGListenersDemo2">
    <skipped/>
  </testcase> <!-- test6 -->
  <system-out/>
</testsuite> <!-- listeners.TestNGListenersDemo2 -->
