<?xml version="1.0" encoding="UTF-8"?>
<!-- Generated by org.testng.reporters.JUnitReportReporter -->
<testsuite skipped="0" hostname="admin" name="demo.TestNGPriorityDemo" tests="3" failures="0" timestamp="2020-07-07T01:17:42 IST" time="0.019" errors="0">
  <testcase name="test3" time="0.013" classname="demo.TestNGPriorityDemo"/>
  <system-out/>
  <testcase name="test1" time="0.002" classname="demo.TestNGPriorityDemo"/>
  <system-out/>
  <testcase name="test2" time="0.004" classname="demo.TestNGPriorityDemo"/>
  <system-out/>
</testsuite> <!-- demo.TestNGPriorityDemo -->
