<?xml version="1.0" encoding="UTF-8"?>
<!-- Generated by org.testng.reporters.JUnitReportReporter -->
<testsuite skipped="0" hostname="admin" name="demo.TestNGParametersDemo" tests="1" failures="0" timestamp="2020-07-07T13:50:48 IST" time="0.014" errors="0">
  <testcase name="test" time="0.014" classname="demo.TestNGParametersDemo"/>
  <system-out/>
</testsuite> <!-- demo.TestNGParametersDemo -->
