<?xml version="1.0" encoding="UTF-8"?>
<!-- Generated by org.testng.reporters.JUnitReportReporter -->
<testsuite skipped="0" hostname="admin" name="demo.TestNGDependencyDemo" tests="3" failures="0" timestamp="2020-07-07T14:12:19 IST" time="0.026" errors="0">
  <testcase name="test2" time="0.017" classname="demo.TestNGDependencyDemo"/>
  <system-out/>
  <testcase name="test3" time="0.006" classname="demo.TestNGDependencyDemo"/>
  <system-out/>
  <testcase name="test1" time="0.003" classname="demo.TestNGDependencyDemo"/>
  <system-out/>
</testsuite> <!-- demo.TestNGDependencyDemo -->
