<?xml version="1.0" encoding="UTF-8"?>
<!-- Generated by org.testng.reporters.JUnitReportReporter -->
<testsuite skipped="0" hostname="admin" name="test.ExtentReportsDemoWithTestNG" tests="2" failures="0" timestamp="2020-06-29T21:01:09 IST" time="2.959" errors="0">
  <testcase name="test2" time="0.003" classname="test.ExtentReportsDemoWithTestNG"/>
  <system-out/>
  <testcase name="test1" time="2.956" classname="test.ExtentReportsDemoWithTestNG"/>
  <system-out/>
</testsuite> <!-- test.ExtentReportsDemoWithTestNG -->
